# JRE version: Java(TM) SE Runtime Environment (8.0_261-b12) (build 1.8.0_261-b12)
# Java VM: Java HotSpot(TM) 64-Bit Server VM (25.261-b12 mixed mode windows-amd64 compressed oops)
Heap:
 PSYoungGen      total 358912K, used 25757K [0x000000076b900000, 0x0000000783800000, 0x00000007c0000000)
  eden space 338944K, 7% used [0x000000076b900000,0x000000076d227540,0x0000000780400000)
  from space 19968K, 0% used [0x0000000782480000,0x0000000782480000,0x0000000783800000)
  to   space 26624K, 0% used [0x0000000780400000,0x0000000780400000,0x0000000781e00000)
 ParOldGen       total 124928K, used 21191K [0x00000006c2a00000, 0x00000006ca400000, 0x000000076b900000)
  object space 124928K, 16% used [0x00000006c2a00000,0x00000006c3eb1c50,0x00000006ca400000)
 Metaspace       used 34294K, capacity 36272K, committed 36392K, reserved 1081344K
  class space    used 4422K, capacity 4776K, committed 4784K, reserved 1048576K
GC Heap History (10 events):
Event: 2.684 GC heap before
{Heap before GC invocations=6 (full 1):
 PSYoungGen      total 122368K, used 122310K [0x000000076b900000, 0x0000000774780000, 0x00000007c0000000)
  eden space 117248K, 100% used [0x000000076b900000,0x0000000772b80000,0x0000000772b80000)
  from space 5120K, 98% used [0x0000000774280000,0x0000000774771940,0x0000000774780000)
  to   space 10752K, 0% used [0x0000000773280000,0x0000000773280000,0x0000000773d00000)
 ParOldGen       total 80896K, used 4975K [0x00000006c2a00000, 0x00000006c7900000, 0x000000076b900000)
  object space 80896K, 6% used [0x00000006c2a00000,0x00000006c2edbdd0,0x00000006c7900000)
 Metaspace       used 22213K, capacity 23634K, committed 23728K, reserved 1069056K
  class space    used 2898K, capacity 3183K, committed 3248K, reserved 1048576K
Event: 2.699 GC heap after
Heap after GC invocations=6 (full 1):
 PSYoungGen      total 135168K, used 10751K [0x000000076b900000, 0x000000077a500000, 0x00000007c0000000)
  eden space 124416K, 0% used [0x000000076b900000,0x000000076b900000,0x0000000773280000)
  from space 10752K, 99% used [0x0000000773280000,0x0000000773cfff68,0x0000000773d00000)
  to   space 16896K, 0% used [0x0000000779480000,0x0000000779480000,0x000000077a500000)
 ParOldGen       total 80896K, used 10310K [0x00000006c2a00000, 0x00000006c7900000, 0x000000076b900000)
  object space 80896K, 12% used [0x00000006c2a00000,0x00000006c3411b18,0x00000006c7900000)
 Metaspace       used 22213K, capacity 23634K, committed 23728K, reserved 1069056K
  class space    used 2898K, capacity 3183K, committed 3248K, reserved 1048576K
}
Event: 3.276 GC heap before
{Heap before GC invocations=7 (full 1):
 PSYoungGen      total 135168K, used 135167K [0x000000076b900000, 0x000000077a500000, 0x00000007c0000000)
  eden space 124416K, 100% used [0x000000076b900000,0x0000000773280000,0x0000000773280000)
  from space 10752K, 99% used [0x0000000773280000,0x0000000773cfff68,0x0000000773d00000)
  to   space 16896K, 0% used [0x0000000779480000,0x0000000779480000,0x000000077a500000)
 ParOldGen       total 80896K, used 10310K [0x00000006c2a00000, 0x00000006c7900000, 0x000000076b900000)
  object space 80896K, 12% used [0x00000006c2a00000,0x00000006c3411b18,0x00000006c7900000)
 Metaspace       used 22323K, capacity 23702K, committed 23984K, reserved 1071104K
  class space    used 2913K, capacity 3183K, committed 3248K, reserved 1048576K
Event: 3.291 GC heap after
Heap after GC invocations=7 (full 1):
 PSYoungGen      total 218624K, used 16885K [0x000000076b900000, 0x000000077ba80000, 0x00000007c0000000)
  eden space 201728K, 0% used [0x000000076b900000,0x000000076b900000,0x0000000777e00000)
  from space 16896K, 99% used [0x0000000779480000,0x000000077a4fd550,0x000000077a500000)
  to   space 23040K, 0% used [0x0000000777e00000,0x0000000777e00000,0x0000000779480000)
 ParOldGen       total 80896K, used 15377K [0x00000006c2a00000, 0x00000006c7900000, 0x000000076b900000)
  object space 80896K, 19% used [0x00000006c2a00000,0x00000006c39047c0,0x00000006c7900000)
 Metaspace       used 22323K, capacity 23702K, committed 23984K, reserved 1071104K
  class space    used 2913K, capacity 3183K, committed 3248K, reserved 1048576K
}
Event: 4.551 GC heap before
{Heap before GC invocations=8 (full 1):
 PSYoungGen      total 218624K, used 218613K [0x000000076b900000, 0x000000077ba80000, 0x00000007c0000000)
  eden space 201728K, 100% used [0x000000076b900000,0x0000000777e00000,0x0000000777e00000)
  from space 16896K, 99% used [0x0000000779480000,0x000000077a4fd550,0x000000077a500000)
  to   space 23040K, 0% used [0x0000000777e00000,0x0000000777e00000,0x0000000779480000)
 ParOldGen       total 80896K, used 15377K [0x00000006c2a00000, 0x00000006c7900000, 0x000000076b900000)
  object space 80896K, 19% used [0x00000006c2a00000,0x00000006c39047c0,0x00000006c7900000)
 Metaspace       used 25965K, capacity 27638K, committed 27824K, reserved 1073152K
  class space    used 3426K, capacity 3747K, committed 3760K, reserved 1048576K
Event: 4.571 GC heap after
Heap after GC invocations=8 (full 1):
 PSYoungGen      total 224768K, used 22763K [0x000000076b900000, 0x0000000783f00000, 0x00000007c0000000)
  eden space 201728K, 0% used [0x000000076b900000,0x000000076b900000,0x0000000777e00000)
  from space 23040K, 98% used [0x0000000777e00000,0x000000077943ad38,0x0000000779480000)
  to   space 27136K, 0% used [0x0000000782480000,0x0000000782480000,0x0000000783f00000)
 ParOldGen       total 80896K, used 15385K [0x00000006c2a00000, 0x00000006c7900000, 0x000000076b900000)
  object space 80896K, 19% used [0x00000006c2a00000,0x00000006c39067c0,0x00000006c7900000)
 Metaspace       used 25965K, capacity 27638K, committed 27824K, reserved 1073152K
  class space    used 3426K, capacity 3747K, committed 3760K, reserved 1048576K
}
Event: 5.369 GC heap before
{Heap before GC invocations=9 (full 1):
 PSYoungGen      total 224768K, used 137767K [0x000000076b900000, 0x0000000783f00000, 0x00000007c0000000)
  eden space 201728K, 57% used [0x000000076b900000,0x000000077294ef10,0x0000000777e00000)
  from space 23040K, 98% used [0x0000000777e00000,0x000000077943ad38,0x0000000779480000)
  to   space 27136K, 0% used [0x0000000782480000,0x0000000782480000,0x0000000783f00000)
 ParOldGen       total 80896K, used 15385K [0x00000006c2a00000, 0x00000006c7900000, 0x000000076b900000)
  object space 80896K, 19% used [0x00000006c2a00000,0x00000006c39067c0,0x00000006c7900000)
 Metaspace       used 33384K, capacity 35296K, committed 35496K, reserved 1081344K
  class space    used 4296K, capacity 4632K, committed 4656K, reserved 1048576K
Event: 5.383 GC heap after
Heap after GC invocations=9 (full 1):
 PSYoungGen      total 358912K, used 14383K [0x000000076b900000, 0x0000000783800000, 0x00000007c0000000)
  eden space 338944K, 0% used [0x000000076b900000,0x000000076b900000,0x0000000780400000)
  from space 19968K, 72% used [0x0000000782480000,0x000000078328bea8,0x0000000783800000)
  to   space 26624K, 0% used [0x0000000780400000,0x0000000780400000,0x0000000781e00000)
 ParOldGen       total 80896K, used 17889K [0x00000006c2a00000, 0x00000006c7900000, 0x000000076b900000)
  object space 80896K, 22% used [0x00000006c2a00000,0x00000006c3b787d0,0x00000006c7900000)
 Metaspace       used 33384K, capacity 35296K, committed 35496K, reserved 1081344K
  class space    used 4296K, capacity 4632K, committed 4656K, reserved 1048576K
}
Event: 5.383 GC heap before
{Heap before GC invocations=10 (full 2):
 PSYoungGen      total 358912K, used 14383K [0x000000076b900000, 0x0000000783800000, 0x00000007c0000000)
  eden space 338944K, 0% used [0x000000076b900000,0x000000076b900000,0x0000000780400000)
  from space 19968K, 72% used [0x0000000782480000,0x000000078328bea8,0x0000000783800000)
  to   space 26624K, 0% used [0x0000000780400000,0x0000000780400000,0x0000000781e00000)
 ParOldGen       total 80896K, used 17889K [0x00000006c2a00000, 0x00000006c7900000, 0x000000076b900000)
  object space 80896K, 22% used [0x00000006c2a00000,0x00000006c3b787d0,0x00000006c7900000)
 Metaspace       used 33384K, capacity 35296K, committed 35496K, reserved 1081344K
  class space    used 4296K, capacity 4632K, committed 4656K, reserved 1048576K
Event: 5.426 GC heap after
Heap after GC invocations=10 (full 2):
 PSYoungGen      total 358912K, used 0K [0x000000076b900000, 0x0000000783800000, 0x00000007c0000000)
  eden space 338944K, 0% used [0x000000076b900000,0x000000076b900000,0x0000000780400000)
  from space 19968K, 0% used [0x0000000782480000,0x0000000782480000,0x0000000783800000)
  to   space 26624K, 0% used [0x0000000780400000,0x0000000780400000,0x0000000781e00000)
 ParOldGen       total 124928K, used 21191K [0x00000006c2a00000, 0x00000006ca400000, 0x000000076b900000)
  object space 124928K, 16% used [0x00000006c2a00000,0x00000006c3eb1c50,0x00000006ca400000)
 Metaspace       used 33384K, capacity 35296K, committed 35496K, reserved 1081344K
  class space    used 4296K, capacity 4632K, committed 4656K, reserved 1048576K
}

