# JRE version: Java(TM) SE Runtime Environment (8.0_261-b12) (build 1.8.0_261-b12)
# Java VM: Java HotSpot(TM) 64-Bit Server VM (25.261-b12 mixed mode windows-amd64 compressed oops)
Heap:
 PSYoungGen      total 221184K, used 7727K [0x000000076b900000, 0x000000077be80000, 0x00000007c0000000)
  eden space 204288K, 3% used [0x000000076b900000,0x000000076c08bf08,0x0000000778080000)
  from space 16896K, 0% used [0x0000000779700000,0x0000000779700000,0x000000077a780000)
  to   space 23040K, 0% used [0x0000000778080000,0x0000000778080000,0x0000000779700000)
 ParOldGen       total 124928K, used 21116K [0x00000006c2a00000, 0x00000006ca400000, 0x000000076b900000)
  object space 124928K, 16% used [0x00000006c2a00000,0x00000006c3e9f330,0x00000006ca400000)
 Metaspace       used 33580K, capacity 35566K, committed 35880K, reserved 1081344K
  class space    used 4329K, capacity 4697K, committed 4784K, reserved 1048576K
GC Heap History (10 events):
Event: 2.741 GC heap before
{Heap before GC invocations=6 (full 1):
 PSYoungGen      total 123392K, used 122931K [0x000000076b900000, 0x0000000774800000, 0x00000007c0000000)
  eden space 117760K, 100% used [0x000000076b900000,0x0000000772c00000,0x0000000772c00000)
  from space 5632K, 91% used [0x0000000774280000,0x000000077478cce0,0x0000000774800000)
  to   space 10752K, 0% used [0x0000000773300000,0x0000000773300000,0x0000000773d80000)
 ParOldGen       total 80384K, used 5053K [0x00000006c2a00000, 0x00000006c7880000, 0x000000076b900000)
  object space 80384K, 6% used [0x00000006c2a00000,0x00000006c2eef6f0,0x00000006c7880000)
 Metaspace       used 22218K, capacity 23642K, committed 23728K, reserved 1069056K
  class space    used 2898K, capacity 3183K, committed 3248K, reserved 1048576K
Event: 2.754 GC heap after
Heap after GC invocations=6 (full 1):
 PSYoungGen      total 135680K, used 10740K [0x000000076b900000, 0x000000077a780000, 0x00000007c0000000)
  eden space 124928K, 0% used [0x000000076b900000,0x000000076b900000,0x0000000773300000)
  from space 10752K, 99% used [0x0000000773300000,0x0000000773d7d1e8,0x0000000773d80000)
  to   space 16896K, 0% used [0x0000000779700000,0x0000000779700000,0x000000077a780000)
 ParOldGen       total 80384K, used 10531K [0x00000006c2a00000, 0x00000006c7880000, 0x000000076b900000)
  object space 80384K, 13% used [0x00000006c2a00000,0x00000006c3448fd8,0x00000006c7880000)
 Metaspace       used 22218K, capacity 23642K, committed 23728K, reserved 1069056K
  class space    used 2898K, capacity 3183K, committed 3248K, reserved 1048576K
}
Event: 3.254 GC heap before
{Heap before GC invocations=7 (full 1):
 PSYoungGen      total 135680K, used 135668K [0x000000076b900000, 0x000000077a780000, 0x00000007c0000000)
  eden space 124928K, 100% used [0x000000076b900000,0x0000000773300000,0x0000000773300000)
  from space 10752K, 99% used [0x0000000773300000,0x0000000773d7d1e8,0x0000000773d80000)
  to   space 16896K, 0% used [0x0000000779700000,0x0000000779700000,0x000000077a780000)
 ParOldGen       total 80384K, used 10531K [0x00000006c2a00000, 0x00000006c7880000, 0x000000076b900000)
  object space 80384K, 13% used [0x00000006c2a00000,0x00000006c3448fd8,0x00000006c7880000)
 Metaspace       used 22318K, capacity 23710K, committed 23984K, reserved 1071104K
  class space    used 2913K, capacity 3183K, committed 3248K, reserved 1048576K
Event: 3.271 GC heap after
Heap after GC invocations=7 (full 1):
 PSYoungGen      total 221184K, used 16894K [0x000000076b900000, 0x000000077be80000, 0x00000007c0000000)
  eden space 204288K, 0% used [0x000000076b900000,0x000000076b900000,0x0000000778080000)
  from space 16896K, 99% used [0x0000000779700000,0x000000077a77fba0,0x000000077a780000)
  to   space 23040K, 0% used [0x0000000778080000,0x0000000778080000,0x0000000779700000)
 ParOldGen       total 80384K, used 15381K [0x00000006c2a00000, 0x00000006c7880000, 0x000000076b900000)
  object space 80384K, 19% used [0x00000006c2a00000,0x00000006c3905758,0x00000006c7880000)
 Metaspace       used 22318K, capacity 23710K, committed 23984K, reserved 1071104K
  class space    used 2913K, capacity 3183K, committed 3248K, reserved 1048576K
}
Event: 4.453 GC heap before
{Heap before GC invocations=8 (full 1):
 PSYoungGen      total 221184K, used 221182K [0x000000076b900000, 0x000000077be80000, 0x00000007c0000000)
  eden space 204288K, 100% used [0x000000076b900000,0x0000000778080000,0x0000000778080000)
  from space 16896K, 99% used [0x0000000779700000,0x000000077a77fba0,0x000000077a780000)
  to   space 23040K, 0% used [0x0000000778080000,0x0000000778080000,0x0000000779700000)
 ParOldGen       total 80384K, used 15381K [0x00000006c2a00000, 0x00000006c7880000, 0x000000076b900000)
  object space 80384K, 19% used [0x00000006c2a00000,0x00000006c3905758,0x00000006c7880000)
 Metaspace       used 25979K, capacity 27646K, committed 27824K, reserved 1073152K
  class space    used 3426K, capacity 3747K, committed 3760K, reserved 1048576K
Event: 4.476 GC heap after
Heap after GC invocations=8 (full 1):
 PSYoungGen      total 227328K, used 22785K [0x000000076b900000, 0x000000077be80000, 0x00000007c0000000)
  eden space 204288K, 0% used [0x000000076b900000,0x000000076b900000,0x0000000778080000)
  from space 23040K, 98% used [0x0000000778080000,0x00000007796c04d8,0x0000000779700000)
  to   space 16896K, 0% used [0x0000000779700000,0x0000000779700000,0x000000077a780000)
 ParOldGen       total 80384K, used 15389K [0x00000006c2a00000, 0x00000006c7880000, 0x000000076b900000)
  object space 80384K, 19% used [0x00000006c2a00000,0x00000006c3907758,0x00000006c7880000)
 Metaspace       used 25979K, capacity 27646K, committed 27824K, reserved 1073152K
  class space    used 3426K, capacity 3747K, committed 3760K, reserved 1048576K
}
Event: 5.447 GC heap before
{Heap before GC invocations=9 (full 1):
 PSYoungGen      total 227328K, used 139587K [0x000000076b900000, 0x000000077be80000, 0x00000007c0000000)
  eden space 204288K, 57% used [0x000000076b900000,0x0000000772b10a70,0x0000000778080000)
  from space 23040K, 98% used [0x0000000778080000,0x00000007796c04d8,0x0000000779700000)
  to   space 16896K, 0% used [0x0000000779700000,0x0000000779700000,0x000000077a780000)
 ParOldGen       total 80384K, used 15389K [0x00000006c2a00000, 0x00000006c7880000, 0x000000076b900000)
  object space 80384K, 19% used [0x00000006c2a00000,0x00000006c3907758,0x00000006c7880000)
 Metaspace       used 33396K, capacity 35304K, committed 35496K, reserved 1081344K
  class space    used 4297K, capacity 4632K, committed 4656K, reserved 1048576K
Event: 5.459 GC heap after
Heap after GC invocations=9 (full 1):
 PSYoungGen      total 221184K, used 14229K [0x000000076b900000, 0x000000077be80000, 0x00000007c0000000)
  eden space 204288K, 0% used [0x000000076b900000,0x000000076b900000,0x0000000778080000)
  from space 16896K, 84% used [0x0000000779700000,0x000000077a4e55a8,0x000000077a780000)
  to   space 23040K, 0% used [0x0000000778080000,0x0000000778080000,0x0000000779700000)
 ParOldGen       total 80384K, used 17893K [0x00000006c2a00000, 0x00000006c7880000, 0x000000076b900000)
  object space 80384K, 22% used [0x00000006c2a00000,0x00000006c3b79768,0x00000006c7880000)
 Metaspace       used 33396K, capacity 35304K, committed 35496K, reserved 1081344K
  class space    used 4297K, capacity 4632K, committed 4656K, reserved 1048576K
}
Event: 5.459 GC heap before
{Heap before GC invocations=10 (full 2):
 PSYoungGen      total 221184K, used 14229K [0x000000076b900000, 0x000000077be80000, 0x00000007c0000000)
  eden space 204288K, 0% used [0x000000076b900000,0x000000076b900000,0x0000000778080000)
  from space 16896K, 84% used [0x0000000779700000,0x000000077a4e55a8,0x000000077a780000)
  to   space 23040K, 0% used [0x0000000778080000,0x0000000778080000,0x0000000779700000)
 ParOldGen       total 80384K, used 17893K [0x00000006c2a00000, 0x00000006c7880000, 0x000000076b900000)
  object space 80384K, 22% used [0x00000006c2a00000,0x00000006c3b79768,0x00000006c7880000)
 Metaspace       used 33396K, capacity 35304K, committed 35496K, reserved 1081344K
  class space    used 4297K, capacity 4632K, committed 4656K, reserved 1048576K
Event: 5.510 GC heap after
Heap after GC invocations=10 (full 2):
 PSYoungGen      total 221184K, used 0K [0x000000076b900000, 0x000000077be80000, 0x00000007c0000000)
  eden space 204288K, 0% used [0x000000076b900000,0x000000076b900000,0x0000000778080000)
  from space 16896K, 0% used [0x0000000779700000,0x0000000779700000,0x000000077a780000)
  to   space 23040K, 0% used [0x0000000778080000,0x0000000778080000,0x0000000779700000)
 ParOldGen       total 124928K, used 21116K [0x00000006c2a00000, 0x00000006ca400000, 0x000000076b900000)
  object space 124928K, 16% used [0x00000006c2a00000,0x00000006c3e9f330,0x00000006ca400000)
 Metaspace       used 33396K, capacity 35304K, committed 35496K, reserved 1081344K
  class space    used 4297K, capacity 4632K, committed 4656K, reserved 1048576K
}

